<?xml version="1.0" encoding="UTF-8"?>
<!-- Generated by org.testng.reporters.JUnitXMLReporter -->
<testsuite ignored="0" hostname="MyPC" failures="0" tests="5" name="Default test" time="20.654" errors="0" timestamp="2026-02-28T12:03:52 IST">
  <testcase classname="com.owl.test.MathCustomExamTest" name="login" time="2.185"/>
  <testcase classname="com.owl.test.MathCustomExamTest" name="startACustomExam" time="7.488"/>
  <testcase classname="com.owl.test.MathCustomExamTest" name="attemptAllQuestions" time="5.432"/>
  <testcase classname="com.owl.test.MathCustomExamTest" name="checkTheReport" time="5.304"/>
  <testcase classname="com.owl.test.MathCustomExamTest" name="logout" time="0.152"/>
</testsuite> <!-- Default test -->
