<?xml version="1.0" encoding="UTF-8"?>
<!-- Generated by org.testng.reporters.JUnitXMLReporter -->
<testsuite ignored="0" hostname="MyPC" failures="0" tests="4" name="Default test" time="31.72" errors="0" timestamp="2026-03-06T19:24:40 IST">
  <testcase classname="com.owl.test.VRCustomExamTest" name="login" time="1.606"/>
  <testcase classname="com.owl.test.VRCustomExamTest" name="compoundWordsCustomExam" time="18.594"/>
  <testcase classname="com.owl.test.VRCustomExamTest" name="letterLinksCustomExam" time="11.208"/>
  <testcase classname="com.owl.test.VRCustomExamTest" name="logout" time="0.237"/>
</testsuite> <!-- Default test -->
