<?xml version="1.0" encoding="UTF-8"?>
<!-- Generated by org.testng.reporters.JUnitXMLReporter -->
<testsuite ignored="0" hostname="MyPC" failures="0" tests="4" name="Default test" time="20.945" errors="0" timestamp="2026-02-28T11:35:57 IST">
  <testcase classname="com.owl.test.MathCustomExamTest" name="login" time="1.667"/>
  <testcase classname="com.owl.test.MathCustomExamTest" name="startACustomExam" time="7.972"/>
  <testcase classname="com.owl.test.MathCustomExamTest" name="attemptAllQuestions" time="5.556"/>
  <testcase classname="com.owl.test.MathCustomExamTest" name="checkTheReport" time="5.674"/>
</testsuite> <!-- Default test -->
