<?xml version="1.0" encoding="UTF-8"?>
<!-- Generated by org.testng.reporters.JUnitXMLReporter -->
<testsuite ignored="0" hostname="MyPC" failures="0" tests="5" name="Default test" time="20.499" errors="0" timestamp="2026-02-28T18:26:49 IST">
  <testcase classname="com.owl.test.VRCustomExamTest" name="login" time="2.009"/>
  <testcase classname="com.owl.test.VRCustomExamTest" name="startACustomExam" time="8.192"/>
  <testcase classname="com.owl.test.VRCustomExamTest" name="attemptAllQuestions" time="4.851"/>
  <testcase classname="com.owl.test.VRCustomExamTest" name="checkTheReport" time="4.872"/>
  <testcase classname="com.owl.test.VRCustomExamTest" name="logout" time="0.464"/>
</testsuite> <!-- Default test -->
