<?xml version="1.0" encoding="UTF-8"?>
<!-- Generated by org.testng.reporters.JUnitXMLReporter -->
<testsuite ignored="6" hostname="MyPC" failures="0" tests="25" name="assessmentTest" time="78.302" errors="0" timestamp="2026-03-05T13:33:04 IST">
  <testcase classname="com.owl.test.AssessmentTest" name="enterTheForm" time="8.903"/>
  <testcase classname="com.owl.test.AssessmentTest" name="startTheAssessment" time="5.183"/>
  <testcase classname="com.owl.test.AssessmentTest" name="attemptTheQuestions" time="3.381"/>
  <testcase classname="com.owl.test.AssessmentTest" name="finishTheAssessment" time="0.098"/>
  <testcase classname="com.owl.test.AssessmentTest" name="submitTheAssessment" time="0.121"/>
  <testcase classname="com.owl.test.AssessmentTest" name="clickOnViewReportButton" time="2.69"/>
  <testcase classname="com.owl.test.AssessmentTest" name="ClickOnViewDeatiledReportButton" time="2.092"/>
  <testcase classname="com.owl.test.AssessmentTest" name="noOfCorrectAnsweredQuestions" time="0.553"/>
  <testcase classname="com.owl.test.AssessmentTest" name="noOfWrongAnsweredQuestions" time="0.065"/>
  <testcase classname="com.owl.test.AssessmentTest" name="noOfSkippedAnsweredQuestions" time="0.026"/>
  <testcase classname="com.owl.test.MathCustomExamTest" name="login" time="1.179"/>
  <testcase classname="com.owl.test.MathCustomExamTest" name="startACustomExam" time="14.309"/>
  <testcase classname="com.owl.test.MathCustomExamTest" name="attemptAllQuestions" time="3.686"/>
  <testcase classname="com.owl.test.MathCustomExamTest" name="checkTheReport" time="4.872"/>
  <testcase classname="com.owl.test.MathCustomExamTest" name="logout" time="0.151"/>
  <testcase classname="com.owl.test.NVRCustomExamTest" name="login" time="0.691"/>
  <testcase classname="com.owl.test.NVRCustomExamTest" name="startACustomExam" time="7.112"/>
  <testcase classname="com.owl.test.NVRCustomExamTest" name="attemptAllQuestions" time="2.622"/>
  <testcase classname="com.owl.test.NVRCustomExamTest" name="checkTheReport" time="4.828"/>
  <testcase classname="com.owl.test.NVRCustomExamTest" name="logout" time="0.112"/>
  <testcase classname="com.owl.test.VRCustomExamTest" name="login" time="0.67"/>
  <testcase classname="com.owl.test.VRCustomExamTest" name="startACustomExam" time="7.338"/>
  <testcase classname="com.owl.test.VRCustomExamTest" name="attemptAllQuestions" time="3.095"/>
  <testcase classname="com.owl.test.VRCustomExamTest" name="checkTheReport" time="4.32"/>
  <testcase classname="com.owl.test.VRCustomExamTest" name="logout" time="0.132"/>
  <testcase classname="com.owl.test.BaseTest" name="@AfterSuite closeBrowser" time="0.0">
    <ignored/>
  </testcase> <!-- @AfterSuite closeBrowser -->
  <testcase classname="com.owl.test.BaseTest" name="@AfterSuite closeBrowser" time="0.0">
    <ignored/>
  </testcase> <!-- @AfterSuite closeBrowser -->
  <testcase classname="com.owl.test.BaseTest" name="@AfterSuite closeBrowser" time="0.0">
    <ignored/>
  </testcase> <!-- @AfterSuite closeBrowser -->
  <testcase classname="com.owl.test.BaseTest" name="@BeforeSuite openBrowser" time="0.0">
    <ignored/>
  </testcase> <!-- @BeforeSuite openBrowser -->
  <testcase classname="com.owl.test.BaseTest" name="@BeforeSuite openBrowser" time="0.0">
    <ignored/>
  </testcase> <!-- @BeforeSuite openBrowser -->
  <testcase classname="com.owl.test.BaseTest" name="@BeforeSuite openBrowser" time="0.0">
    <ignored/>
  </testcase> <!-- @BeforeSuite openBrowser -->
</testsuite> <!-- assessmentTest -->
