<?xml version="1.0" encoding="UTF-8"?>
<!-- Generated by org.testng.reporters.JUnitXMLReporter -->
<testsuite ignored="0" hostname="MyPC" failures="0" tests="10" name="Test" time="34.787" errors="0" timestamp="2026-02-27T15:33:37 IST">
  <testcase classname="com.owl.test.AssessmentTest" name="enterTheForm" time="9.315"/>
  <testcase classname="com.owl.test.AssessmentTest" name="startTheAssessment" time="5.486"/>
  <testcase classname="com.owl.test.AssessmentTest" name="attemptTheQuestions" time="12.206"/>
  <testcase classname="com.owl.test.AssessmentTest" name="finishTheAssessment" time="0.248"/>
  <testcase classname="com.owl.test.AssessmentTest" name="submitTheAssessment" time="0.211"/>
  <testcase classname="com.owl.test.AssessmentTest" name="clickOnViewReportButton" time="3.478"/>
  <testcase classname="com.owl.test.AssessmentTest" name="ClickOnViewDeatiledReportButton" time="2.234"/>
  <testcase classname="com.owl.test.AssessmentTest" name="noOfCorrectAnsweredQuestions" time="1.26"/>
  <testcase classname="com.owl.test.AssessmentTest" name="noOfWrongAnsweredQuestions" time="0.132"/>
  <testcase classname="com.owl.test.AssessmentTest" name="noOfSkippedAnsweredQuestions" time="0.098"/>
</testsuite> <!-- Test -->
