<?xml version="1.0" encoding="UTF-8"?>
<testng-results ignored="0" total="5" passed="5" failed="0" skipped="0">
  <reporter-output>
  </reporter-output>
  <suite started-at="2026-02-28T12:03:31 IST" name="Default suite" finished-at="2026-02-28T12:03:52 IST" duration-ms="20654">
    <groups>
    </groups>
    <test started-at="2026-02-28T12:03:31 IST" name="Default test" finished-at="2026-02-28T12:03:52 IST" duration-ms="20654">
      <class name="com.owl.test.MathCustomExamTest">
        <test-method is-config="true" signature="openBrowser()[pri:0, instance:com.owl.test.MathCustomExamTest@2a65fe7c]" started-at="2026-02-28T12:03:24 IST" name="openBrowser" finished-at="2026-02-28T12:03:31 IST" duration-ms="7438" status="PASS">
          <reporter-output>
          </reporter-output>
        </test-method> <!-- openBrowser -->
        <test-method signature="login()[pri:0, instance:com.owl.test.MathCustomExamTest@2a65fe7c]" started-at="2026-02-28T12:03:31 IST" name="login" finished-at="2026-02-28T12:03:34 IST" duration-ms="2185" status="PASS">
          <reporter-output>
          </reporter-output>
        </test-method> <!-- login -->
        <test-method signature="startACustomExam()[pri:1, instance:com.owl.test.MathCustomExamTest@2a65fe7c]" started-at="2026-02-28T12:03:34 IST" name="startACustomExam" finished-at="2026-02-28T12:03:41 IST" duration-ms="7488" status="PASS">
          <reporter-output>
          </reporter-output>
        </test-method> <!-- startACustomExam -->
        <test-method signature="attemptAllQuestions()[pri:2, instance:com.owl.test.MathCustomExamTest@2a65fe7c]" started-at="2026-02-28T12:03:41 IST" name="attemptAllQuestions" finished-at="2026-02-28T12:03:47 IST" duration-ms="5432" status="PASS">
          <reporter-output>
          </reporter-output>
        </test-method> <!-- attemptAllQuestions -->
        <test-method signature="checkTheReport()[pri:3, instance:com.owl.test.MathCustomExamTest@2a65fe7c]" started-at="2026-02-28T12:03:47 IST" name="checkTheReport" finished-at="2026-02-28T12:03:52 IST" duration-ms="5304" status="PASS">
          <reporter-output>
          </reporter-output>
        </test-method> <!-- checkTheReport -->
        <test-method signature="logout()[pri:4, instance:com.owl.test.MathCustomExamTest@2a65fe7c]" started-at="2026-02-28T12:03:52 IST" name="logout" finished-at="2026-02-28T12:03:52 IST" duration-ms="152" status="PASS">
          <reporter-output>
          </reporter-output>
        </test-method> <!-- logout -->
        <test-method is-config="true" signature="closeBrowser()[pri:0, instance:com.owl.test.MathCustomExamTest@2a65fe7c]" started-at="2026-02-28T12:03:52 IST" name="closeBrowser" finished-at="2026-02-28T12:03:52 IST" duration-ms="116" status="PASS">
          <reporter-output>
          </reporter-output>
        </test-method> <!-- closeBrowser -->
      </class> <!-- com.owl.test.MathCustomExamTest -->
    </test> <!-- Default test -->
  </suite> <!-- Default suite -->
</testng-results>
