<?xml version="1.0" encoding="UTF-8"?>
<testng-results ignored="0" total="4" passed="4" failed="0" skipped="0">
  <reporter-output>
  </reporter-output>
  <suite started-at="2026-03-06T19:24:08 IST" name="Default suite" finished-at="2026-03-06T19:24:40 IST" duration-ms="31720">
    <groups>
    </groups>
    <test started-at="2026-03-06T19:24:08 IST" name="Default test" finished-at="2026-03-06T19:24:40 IST" duration-ms="31720">
      <class name="com.owl.test.VRCustomExamTest">
        <test-method is-config="true" signature="openBrowser()[pri:0, instance:com.owl.test.VRCustomExamTest@4135c3b]" started-at="2026-03-06T19:24:02 IST" name="openBrowser" finished-at="2026-03-06T19:24:08 IST" duration-ms="6430" status="PASS">
          <reporter-output>
          </reporter-output>
        </test-method> <!-- openBrowser -->
        <test-method signature="login()[pri:0, instance:com.owl.test.VRCustomExamTest@4135c3b]" started-at="2026-03-06T19:24:08 IST" name="login" finished-at="2026-03-06T19:24:10 IST" duration-ms="1606" status="PASS">
          <reporter-output>
          </reporter-output>
        </test-method> <!-- login -->
        <test-method signature="compoundWordsCustomExam()[pri:1, instance:com.owl.test.VRCustomExamTest@4135c3b]" started-at="2026-03-06T19:24:10 IST" name="compoundWordsCustomExam" finished-at="2026-03-06T19:24:28 IST" depends-on-methods="com.owl.test.VRCustomExamTest.login" duration-ms="18594" status="PASS">
          <reporter-output>
          </reporter-output>
        </test-method> <!-- compoundWordsCustomExam -->
        <test-method signature="letterLinksCustomExam()[pri:2, instance:com.owl.test.VRCustomExamTest@4135c3b]" started-at="2026-03-06T19:24:28 IST" name="letterLinksCustomExam" finished-at="2026-03-06T19:24:40 IST" duration-ms="11208" status="PASS">
          <reporter-output>
          </reporter-output>
        </test-method> <!-- letterLinksCustomExam -->
        <test-method signature="logout()[pri:3, instance:com.owl.test.VRCustomExamTest@4135c3b]" started-at="2026-03-06T19:24:40 IST" name="logout" finished-at="2026-03-06T19:24:40 IST" duration-ms="237" status="PASS">
          <reporter-output>
          </reporter-output>
        </test-method> <!-- logout -->
        <test-method is-config="true" signature="closeBrowser()[pri:0, instance:com.owl.test.VRCustomExamTest@4135c3b]" started-at="2026-03-06T19:24:40 IST" name="closeBrowser" finished-at="2026-03-06T19:24:40 IST" duration-ms="196" status="PASS">
          <reporter-output>
          </reporter-output>
        </test-method> <!-- closeBrowser -->
      </class> <!-- com.owl.test.VRCustomExamTest -->
    </test> <!-- Default test -->
  </suite> <!-- Default suite -->
</testng-results>
