<?xml version="1.0" encoding="UTF-8"?>
<testng-results ignored="0" total="4" passed="4" failed="0" skipped="0">
  <reporter-output>
  </reporter-output>
  <suite started-at="2026-02-28T11:35:36 IST" name="Default suite" finished-at="2026-02-28T11:35:57 IST" duration-ms="20945">
    <groups>
    </groups>
    <test started-at="2026-02-28T11:35:36 IST" name="Default test" finished-at="2026-02-28T11:35:57 IST" duration-ms="20945">
      <class name="com.owl.test.MathCustomExamTest">
        <test-method is-config="true" signature="openBrowser()[pri:0, instance:com.owl.test.MathCustomExamTest@4562e04d]" started-at="2026-02-28T11:35:29 IST" name="openBrowser" finished-at="2026-02-28T11:35:36 IST" duration-ms="7421" status="PASS">
          <reporter-output>
          </reporter-output>
        </test-method> <!-- openBrowser -->
        <test-method signature="login()[pri:0, instance:com.owl.test.MathCustomExamTest@4562e04d]" started-at="2026-02-28T11:35:36 IST" name="login" finished-at="2026-02-28T11:35:38 IST" duration-ms="1667" status="PASS">
          <reporter-output>
          </reporter-output>
        </test-method> <!-- login -->
        <test-method signature="startACustomExam()[pri:1, instance:com.owl.test.MathCustomExamTest@4562e04d]" started-at="2026-02-28T11:35:38 IST" name="startACustomExam" finished-at="2026-02-28T11:35:46 IST" duration-ms="7972" status="PASS">
          <reporter-output>
          </reporter-output>
        </test-method> <!-- startACustomExam -->
        <test-method signature="attemptAllQuestions()[pri:2, instance:com.owl.test.MathCustomExamTest@4562e04d]" started-at="2026-02-28T11:35:46 IST" name="attemptAllQuestions" finished-at="2026-02-28T11:35:51 IST" duration-ms="5556" status="PASS">
          <reporter-output>
          </reporter-output>
        </test-method> <!-- attemptAllQuestions -->
        <test-method signature="checkTheReport()[pri:3, instance:com.owl.test.MathCustomExamTest@4562e04d]" started-at="2026-02-28T11:35:51 IST" name="checkTheReport" finished-at="2026-02-28T11:35:57 IST" duration-ms="5674" status="PASS">
          <reporter-output>
          </reporter-output>
        </test-method> <!-- checkTheReport -->
        <test-method is-config="true" signature="closeBrowser()[pri:0, instance:com.owl.test.MathCustomExamTest@4562e04d]" started-at="2026-02-28T11:35:57 IST" name="closeBrowser" finished-at="2026-02-28T11:35:57 IST" duration-ms="129" status="PASS">
          <reporter-output>
          </reporter-output>
        </test-method> <!-- closeBrowser -->
      </class> <!-- com.owl.test.MathCustomExamTest -->
    </test> <!-- Default test -->
  </suite> <!-- Default suite -->
</testng-results>
