<?xml version="1.0" encoding="UTF-8"?>
<!-- Generated by org.testng.reporters.JUnitReportReporter -->
<testsuite hostname="MyPC" failures="0" tests="4" name="com.owl.test.NVRCustomExamTest" time="31.413" errors="0" timestamp="2026-03-06T19:20:59 IST" skipped="0">
  <testcase classname="com.owl.test.NVRCustomExamTest" name="login" time="2.393"/>
  <system-out/>
  <testcase classname="com.owl.test.NVRCustomExamTest" name="oddOneOutCustomExam" time="18.224"/>
  <system-out/>
  <testcase classname="com.owl.test.NVRCustomExamTest" name="reflectionCustomExam" time="10.517"/>
  <system-out/>
  <testcase classname="com.owl.test.NVRCustomExamTest" name="logout" time="0.279"/>
  <system-out/>
</testsuite> <!-- com.owl.test.NVRCustomExamTest -->
