<?xml version="1.0" encoding="UTF-8"?>
<!-- Generated by org.testng.reporters.JUnitReportReporter -->
<testsuite hostname="MyPC" failures="0" tests="4" name="com.owl.test.VRCustomExamTest" time="31.645" errors="0" timestamp="2026-03-06T19:24:40 IST" skipped="0">
  <testcase classname="com.owl.test.VRCustomExamTest" name="login" time="1.606"/>
  <system-out/>
  <testcase classname="com.owl.test.VRCustomExamTest" name="compoundWordsCustomExam" time="18.594"/>
  <system-out/>
  <testcase classname="com.owl.test.VRCustomExamTest" name="letterLinksCustomExam" time="11.208"/>
  <system-out/>
  <testcase classname="com.owl.test.VRCustomExamTest" name="logout" time="0.237"/>
  <system-out/>
</testsuite> <!-- com.owl.test.VRCustomExamTest -->
