<?xml version="1.0" encoding="UTF-8"?>
<!-- Generated by org.testng.reporters.JUnitReportReporter -->
<testsuite hostname="MyPC" failures="0" tests="10" name="com.owl.test.AssessmentTest" time="23.112" errors="0" timestamp="2026-03-05T13:33:04 IST" skipped="0">
  <testcase classname="com.owl.test.AssessmentTest" name="enterTheForm" time="8.903"/>
  <system-out/>
  <testcase classname="com.owl.test.AssessmentTest" name="startTheAssessment" time="5.183"/>
  <system-out/>
  <testcase classname="com.owl.test.AssessmentTest" name="attemptTheQuestions" time="3.381"/>
  <system-out/>
  <testcase classname="com.owl.test.AssessmentTest" name="finishTheAssessment" time="0.098"/>
  <system-out/>
  <testcase classname="com.owl.test.AssessmentTest" name="submitTheAssessment" time="0.121"/>
  <system-out/>
  <testcase classname="com.owl.test.AssessmentTest" name="clickOnViewReportButton" time="2.690"/>
  <system-out/>
  <testcase classname="com.owl.test.AssessmentTest" name="ClickOnViewDeatiledReportButton" time="2.092"/>
  <system-out/>
  <testcase classname="com.owl.test.AssessmentTest" name="noOfCorrectAnsweredQuestions" time="0.553"/>
  <system-out/>
  <testcase classname="com.owl.test.AssessmentTest" name="noOfWrongAnsweredQuestions" time="0.065"/>
  <system-out/>
  <testcase classname="com.owl.test.AssessmentTest" name="noOfSkippedAnsweredQuestions" time="0.026"/>
  <system-out/>
</testsuite> <!-- com.owl.test.AssessmentTest -->
