<?xml version="1.0" encoding="UTF-8"?>
<!-- Generated by org.testng.reporters.JUnitReportReporter -->
<testsuite hostname="MyPC" failures="0" tests="5" name="com.owl.test.MathCustomExamTest" time="20.561" errors="0" timestamp="2026-02-28T12:03:52 IST" skipped="0">
  <testcase classname="com.owl.test.MathCustomExamTest" name="login" time="2.185"/>
  <system-out/>
  <testcase classname="com.owl.test.MathCustomExamTest" name="startACustomExam" time="7.488"/>
  <system-out/>
  <testcase classname="com.owl.test.MathCustomExamTest" name="attemptAllQuestions" time="5.432"/>
  <system-out/>
  <testcase classname="com.owl.test.MathCustomExamTest" name="checkTheReport" time="5.304"/>
  <system-out/>
  <testcase classname="com.owl.test.MathCustomExamTest" name="logout" time="0.152"/>
  <system-out/>
</testsuite> <!-- com.owl.test.MathCustomExamTest -->
