<?xml version="1.0" encoding="UTF-8"?>
<!-- Generated by org.testng.reporters.JUnitReportReporter -->
<testsuite hostname="MyPC" failures="0" tests="4" name="com.owl.test.CustomExamTest" time="26.172" errors="0" timestamp="2026-02-10T21:36:16 IST" skipped="0">
  <testcase classname="com.owl.test.CustomExamTest" name="login" time="1.094"/>
  <system-out/>
  <testcase classname="com.owl.test.CustomExamTest" name="startACustomExam" time="15.170"/>
  <system-out/>
  <testcase classname="com.owl.test.CustomExamTest" name="attemptAllQuestions" time="4.422"/>
  <system-out/>
  <testcase classname="com.owl.test.CustomExamTest" name="checkTheReport" time="5.486"/>
  <system-out/>
</testsuite> <!-- com.owl.test.CustomExamTest -->
