<?xml version="1.0" encoding="UTF-8"?>
<!-- Generated by org.testng.reporters.JUnitReportReporter -->
<testsuite hostname="MyPC" failures="0" tests="5" name="com.owl.test.VRCustomExamTest" time="20.388" errors="0" timestamp="2026-02-28T18:26:50 IST" skipped="0">
  <testcase classname="com.owl.test.VRCustomExamTest" name="login" time="2.009"/>
  <system-out/>
  <testcase classname="com.owl.test.VRCustomExamTest" name="startACustomExam" time="8.192"/>
  <system-out/>
  <testcase classname="com.owl.test.VRCustomExamTest" name="attemptAllQuestions" time="4.851"/>
  <system-out/>
  <testcase classname="com.owl.test.VRCustomExamTest" name="checkTheReport" time="4.872"/>
  <system-out/>
  <testcase classname="com.owl.test.VRCustomExamTest" name="logout" time="0.464"/>
  <system-out/>
</testsuite> <!-- com.owl.test.VRCustomExamTest -->
