<?xml version="1.0" encoding="UTF-8"?>
<!-- Generated by org.testng.reporters.JUnitReportReporter -->
<testsuite hostname="MyPC" failures="0" tests="10" name="com.owl.test.AssessmentTest" time="25.957" errors="0" timestamp="2026-02-27T16:35:15 IST" skipped="0">
  <testcase classname="com.owl.test.AssessmentTest" name="enterTheForm" time="8.325"/>
  <system-out/>
  <testcase classname="com.owl.test.AssessmentTest" name="startTheAssessment" time="5.338"/>
  <system-out/>
  <testcase classname="com.owl.test.AssessmentTest" name="attemptTheQuestions" time="6.147"/>
  <system-out/>
  <testcase classname="com.owl.test.AssessmentTest" name="finishTheAssessment" time="0.188"/>
  <system-out/>
  <testcase classname="com.owl.test.AssessmentTest" name="submitTheAssessment" time="0.188"/>
  <system-out/>
  <testcase classname="com.owl.test.AssessmentTest" name="clickOnViewReportButton" time="2.817"/>
  <system-out/>
  <testcase classname="com.owl.test.AssessmentTest" name="ClickOnViewDeatiledReportButton" time="2.174"/>
  <system-out/>
  <testcase classname="com.owl.test.AssessmentTest" name="noOfCorrectAnsweredQuestions" time="0.620"/>
  <system-out/>
  <testcase classname="com.owl.test.AssessmentTest" name="noOfWrongAnsweredQuestions" time="0.074"/>
  <system-out/>
  <testcase classname="com.owl.test.AssessmentTest" name="noOfSkippedAnsweredQuestions" time="0.086"/>
  <system-out/>
</testsuite> <!-- com.owl.test.AssessmentTest -->
