<?xml version="1.0" encoding="UTF-8"?>
<!-- Generated by org.testng.reporters.JUnitReportReporter -->
<testsuite hostname="MyPC" failures="0" tests="4" name="com.owl.test.MathCustomExamTest" time="20.869" errors="0" timestamp="2026-02-28T11:35:57 IST" skipped="0">
  <testcase classname="com.owl.test.MathCustomExamTest" name="login" time="1.667"/>
  <system-out/>
  <testcase classname="com.owl.test.MathCustomExamTest" name="startACustomExam" time="7.972"/>
  <system-out/>
  <testcase classname="com.owl.test.MathCustomExamTest" name="attemptAllQuestions" time="5.556"/>
  <system-out/>
  <testcase classname="com.owl.test.MathCustomExamTest" name="checkTheReport" time="5.674"/>
  <system-out/>
</testsuite> <!-- com.owl.test.MathCustomExamTest -->
