<?xml version="1.0" encoding="UTF-8"?>
<!-- Generated by org.testng.reporters.JUnitReportReporter -->
<testsuite hostname="MyPC" failures="0" tests="4" name="com.owl.test.MathCustomExamTest" time="38.001" errors="0" timestamp="2026-03-06T18:59:42 IST" skipped="0">
  <testcase classname="com.owl.test.MathCustomExamTest" name="login" time="5.160"/>
  <system-out/>
  <testcase classname="com.owl.test.MathCustomExamTest" name="FractionsCustomExam" time="19.518"/>
  <system-out/>
  <testcase classname="com.owl.test.MathCustomExamTest" name="AdditionCustomExam" time="13.055"/>
  <system-out/>
  <testcase classname="com.owl.test.MathCustomExamTest" name="logout" time="0.268"/>
  <system-out/>
</testsuite> <!-- com.owl.test.MathCustomExamTest -->
